\BOOKMARK [0][-]{section*.2}{List of Tables}{}% 1
\BOOKMARK [0][-]{section*.4}{List of Figures}{}% 2
\BOOKMARK [0][-]{chapter.1}{Introduction}{}% 3
\BOOKMARK [1][-]{section.1.1}{Problem and Motivation}{chapter.1}% 4
\BOOKMARK [1][-]{section.1.2}{Our Contribution}{chapter.1}% 5
\BOOKMARK [1][-]{section.1.3}{Thesis Organization}{chapter.1}% 6
\BOOKMARK [0][-]{chapter.2}{Literature Review}{}% 7
\BOOKMARK [1][-]{section.2.1}{Black Hole Search, BHS}{chapter.2}% 8
\BOOKMARK [1][-]{section.2.2}{Intruder Capture}{chapter.2}% 9
\BOOKMARK [1][-]{section.2.3}{Agent Capabilities}{chapter.2}% 10
\BOOKMARK [1][-]{section.2.4}{Black Virus Decontamination}{chapter.2}% 11
\BOOKMARK [2][-]{subsection.2.4.1}{Overview}{section.2.4}% 12
\BOOKMARK [2][-]{subsection.2.4.2}{BVD in different topologies}{section.2.4}% 13
\BOOKMARK [0][-]{chapter.3}{Definitions and Terminology}{}% 14
\BOOKMARK [1][-]{section.3.1}{Model}{chapter.3}% 15
\BOOKMARK [2][-]{subsection.3.1.1}{Network, Agent, Black Virus}{section.3.1}% 16
\BOOKMARK [2][-]{subsection.3.1.2}{Problem, Cost}{section.3.1}% 17
\BOOKMARK [2][-]{subsection.3.1.3}{Monotone, Synchrony}{section.3.1}% 18
\BOOKMARK [1][-]{section.3.2}{ General strategy}{chapter.3}% 19
\BOOKMARK [1][-]{section.3.3}{Conclusion}{chapter.3}% 20
\BOOKMARK [0][-]{chapter.4}{Black Virus Disinfection in Triple Loops}{}% 21
\BOOKMARK [1][-]{section.4.1}{Introduction}{chapter.4}% 22
\BOOKMARK [1][-]{section.4.2}{Shadowed Exploration}{chapter.4}% 23
\BOOKMARK [1][-]{section.4.3}{Surrounding and Elimination}{chapter.4}% 24
\BOOKMARK [2][-]{subsection.4.3.1}{notification Moving Agents Technique}{section.4.3}% 25
\BOOKMARK [2][-]{subsection.4.3.2}{Overview of the Elimination}{section.4.3}% 26
\BOOKMARK [2][-]{subsection.4.3.3}{Destination Table and Elimination}{section.4.3}% 27
\BOOKMARK [0][-]{appendix*.11}{APPENDICES}{}% 28
\BOOKMARK [0][-]{appendix.A}{Detailed Paths Analysis in Triple Loops}{}% 29
